Streaming transaction logs mentioning DAYK59HXPfYMEVZjM7W4S5mrxyEqc5MUrYxSW3BBxS3s. Confirmed commitment
Transaction executed in slot 263504922:
  Signature: 3XvAWFYpuMQ2hwVcumbScNEZew8YLPyqTr95czfM6jkaUsb517KTcpB8iD9CNYFfjHkkNKGKnZZst6Tiu2uNdh8V
  Status: Ok
  Log Messages:
    Program DAYK59HXPfYMEVZjM7W4S5mrxyEqc5MUrYxSW3BBxS3s invoke [1]
    Program log: Instruction: Deposit
    Program 11111111111111111111111111111111 invoke [2]
    Program 11111111111111111111111111111111 success
    Program DAYK59HXPfYMEVZjM7W4S5mrxyEqc5MUrYxSW3BBxS3s consumed 6822 of 200000 compute units
    Program DAYK59HXPfYMEVZjM7W4S5mrxyEqc5MUrYxSW3BBxS3s success
Transaction executed in slot 263504926:
  Signature: 59CHeXy3rogJSBd6v9XuddguBdHpdpyEKEcVLtye6z35YqrGxq8jcAKzUch7vscTpippNFUv9pTpem9yjpkRWA1Z
  Status: Ok
  Log Messages:
    Program DAYK59HXPfYMEVZjM7W4S5mrxyEqc5MUrYxSW3BBxS3s invoke [1]
    Program log: Instruction: Withdraw
    Program 11111111111111111111111111111111 invoke [2]
    Program 11111111111111111111111111111111 success
    Program DAYK59HXPfYMEVZjM7W4S5mrxyEqc5MUrYxSW3BBxS3s consumed 6888 of 200000 compute units
    Program DAYK59HXPfYMEVZjM7W4S5mrxyEqc5MUrYxSW3BBxS3s success
